# JRE version: OpenJDK Runtime Environment (8.0_242-b01) (build 1.8.0_242-release-1644-b01)
# Java VM: OpenJDK 64-Bit Server VM (25.242-b01 mixed mode windows-amd64 compressed oops)
Heap:
 PSYoungGen      total 342016K, used 307166K [0x00000000d5580000, 0x00000000f1280000, 0x0000000100000000)
  eden space 311296K, 98% used [0x00000000d5580000,0x00000000e8177990,0x00000000e8580000)
  from space 30720K, 0% used [0x00000000ebc00000,0x00000000ebc00000,0x00000000eda00000)
  to   space 55808K, 0% used [0x00000000e8580000,0x00000000e8580000,0x00000000ebc00000)
 ParOldGen       total 197120K, used 89695K [0x0000000080000000, 0x000000008c080000, 0x00000000d5580000)
  object space 197120K, 45% used [0x0000000080000000,0x0000000085797f10,0x000000008c080000)
 Metaspace       used 113072K, capacity 118912K, committed 119168K, reserved 1153024K
  class space    used 14762K, capacity 15956K, committed 16000K, reserved 1048576K
GC Heap History (10 events):
Event: 1847.539 GC heap before
{Heap before GC invocations=26 (full 4):
 PSYoungGen      total 295424K, used 2997K [0x00000000d5580000, 0x00000000e9700000, 0x0000000100000000)
  eden space 265728K, 0% used [0x00000000d5580000,0x00000000d5580000,0x00000000e5900000)
  from space 29696K, 10% used [0x00000000e7a00000,0x00000000e7ced6d8,0x00000000e9700000)
  to   space 31744K, 0% used [0x00000000e5900000,0x00000000e5900000,0x00000000e7800000)
 ParOldGen       total 93184K, used 84967K [0x0000000080000000, 0x0000000085b00000, 0x00000000d5580000)
  object space 93184K, 91% used [0x0000000080000000,0x00000000852f9cf8,0x0000000085b00000)
 Metaspace       used 93889K, capacity 98454K, committed 98496K, reserved 1134592K
  class space    used 12322K, capacity 13299K, committed 13312K, reserved 1048576K
Event: 1896.349 GC heap after
Heap after GC invocations=26 (full 4):
 PSYoungGen      total 295424K, used 0K [0x00000000d5580000, 0x00000000e9700000, 0x0000000100000000)
  eden space 265728K, 0% used [0x00000000d5580000,0x00000000d5580000,0x00000000e5900000)
  from space 29696K, 0% used [0x00000000e7a00000,0x00000000e7a00000,0x00000000e9700000)
  to   space 31744K, 0% used [0x00000000e5900000,0x00000000e5900000,0x00000000e7800000)
 ParOldGen       total 137728K, used 61634K [0x0000000080000000, 0x0000000088680000, 0x00000000d5580000)
  object space 137728K, 44% used [0x0000000080000000,0x0000000083c30878,0x0000000088680000)
 Metaspace       used 93816K, capacity 98234K, committed 98496K, reserved 1134592K
  class space    used 12300K, capacity 13267K, committed 13312K, reserved 1048576K
}
Event: 1926.915 GC heap before
{Heap before GC invocations=27 (full 4):
 PSYoungGen      total 295424K, used 265728K [0x00000000d5580000, 0x00000000e9700000, 0x0000000100000000)
  eden space 265728K, 100% used [0x00000000d5580000,0x00000000e5900000,0x00000000e5900000)
  from space 29696K, 0% used [0x00000000e7a00000,0x00000000e7a00000,0x00000000e9700000)
  to   space 31744K, 0% used [0x00000000e5900000,0x00000000e5900000,0x00000000e7800000)
 ParOldGen       total 137728K, used 61634K [0x0000000080000000, 0x0000000088680000, 0x00000000d5580000)
  object space 137728K, 44% used [0x0000000080000000,0x0000000083c30878,0x0000000088680000)
 Metaspace       used 96601K, capacity 101356K, committed 101632K, reserved 1136640K
  class space    used 12706K, capacity 13716K, committed 13824K, reserved 1048576K
Event: 1927.041 GC heap after
Heap after GC invocations=27 (full 4):
 PSYoungGen      total 297472K, used 15213K [0x00000000d5580000, 0x00000000eda00000, 0x0000000100000000)
  eden space 265728K, 0% used [0x00000000d5580000,0x00000000d5580000,0x00000000e5900000)
  from space 31744K, 47% used [0x00000000e5900000,0x00000000e67db640,0x00000000e7800000)
  to   space 30720K, 0% used [0x00000000ebc00000,0x00000000ebc00000,0x00000000eda00000)
 ParOldGen       total 137728K, used 61642K [0x0000000080000000, 0x0000000088680000, 0x00000000d5580000)
  object space 137728K, 44% used [0x0000000080000000,0x0000000083c32878,0x0000000088680000)
 Metaspace       used 96601K, capacity 101356K, committed 101632K, reserved 1136640K
  class space    used 12706K, capacity 13716K, committed 13824K, reserved 1048576K
}
Event: 1939.042 GC heap before
{Heap before GC invocations=28 (full 4):
 PSYoungGen      total 297472K, used 280941K [0x00000000d5580000, 0x00000000eda00000, 0x0000000100000000)
  eden space 265728K, 100% used [0x00000000d5580000,0x00000000e5900000,0x00000000e5900000)
  from space 31744K, 47% used [0x00000000e5900000,0x00000000e67db640,0x00000000e7800000)
  to   space 30720K, 0% used [0x00000000ebc00000,0x00000000ebc00000,0x00000000eda00000)
 ParOldGen       total 137728K, used 61642K [0x0000000080000000, 0x0000000088680000, 0x00000000d5580000)
  object space 137728K, 44% used [0x0000000080000000,0x0000000083c32878,0x0000000088680000)
 Metaspace       used 100711K, capacity 105934K, committed 106240K, reserved 1140736K
  class space    used 13348K, capacity 14453K, committed 14592K, reserved 1048576K
Event: 1940.292 GC heap after
Heap after GC invocations=28 (full 4):
 PSYoungGen      total 342016K, used 30692K [0x00000000d5580000, 0x00000000f1280000, 0x0000000100000000)
  eden space 311296K, 0% used [0x00000000d5580000,0x00000000d5580000,0x00000000e8580000)
  from space 30720K, 99% used [0x00000000ebc00000,0x00000000ed9f9018,0x00000000eda00000)
  to   space 55808K, 0% used [0x00000000e8580000,0x00000000e8580000,0x00000000ebc00000)
 ParOldGen       total 137728K, used 115249K [0x0000000080000000, 0x0000000088680000, 0x00000000d5580000)
  object space 137728K, 83% used [0x0000000080000000,0x000000008708c6c8,0x0000000088680000)
 Metaspace       used 100711K, capacity 105934K, committed 106240K, reserved 1140736K
  class space    used 13348K, capacity 14453K, committed 14592K, reserved 1048576K
}
Event: 1940.292 GC heap before
{Heap before GC invocations=29 (full 5):
 PSYoungGen      total 342016K, used 30692K [0x00000000d5580000, 0x00000000f1280000, 0x0000000100000000)
  eden space 311296K, 0% used [0x00000000d5580000,0x00000000d5580000,0x00000000e8580000)
  from space 30720K, 99% used [0x00000000ebc00000,0x00000000ed9f9018,0x00000000eda00000)
  to   space 55808K, 0% used [0x00000000e8580000,0x00000000e8580000,0x00000000ebc00000)
 ParOldGen       total 137728K, used 115249K [0x0000000080000000, 0x0000000088680000, 0x00000000d5580000)
  object space 137728K, 83% used [0x0000000080000000,0x000000008708c6c8,0x0000000088680000)
 Metaspace       used 100711K, capacity 105934K, committed 106240K, reserved 1140736K
  class space    used 13348K, capacity 14453K, committed 14592K, reserved 1048576K
Event: 1941.915 GC heap after
Heap after GC invocations=29 (full 5):
 PSYoungGen      total 342016K, used 4574K [0x00000000d5580000, 0x00000000f1280000, 0x0000000100000000)
  eden space 311296K, 0% used [0x00000000d5580000,0x00000000d5580000,0x00000000e8580000)
  from space 30720K, 14% used [0x00000000ebc00000,0x00000000ec077b50,0x00000000eda00000)
  to   space 55808K, 0% used [0x00000000e8580000,0x00000000e8580000,0x00000000ebc00000)
 ParOldGen       total 137728K, used 137591K [0x0000000080000000, 0x0000000088680000, 0x00000000d5580000)
  object space 137728K, 99% used [0x0000000080000000,0x000000008865df20,0x0000000088680000)
 Metaspace       used 100650K, capacity 105758K, committed 106240K, reserved 1140736K
  class space    used 13327K, capacity 14417K, committed 14592K, reserved 1048576K
}
Event: 1992.691 GC heap before
{Heap before GC invocations=30 (full 6):
 PSYoungGen      total 342016K, used 315870K [0x00000000d5580000, 0x00000000f1280000, 0x0000000100000000)
  eden space 311296K, 100% used [0x00000000d5580000,0x00000000e8580000,0x00000000e8580000)
  from space 30720K, 14% used [0x00000000ebc00000,0x00000000ec077b50,0x00000000eda00000)
  to   space 55808K, 0% used [0x00000000e8580000,0x00000000e8580000,0x00000000ebc00000)
 ParOldGen       total 137728K, used 137591K [0x0000000080000000, 0x0000000088680000, 0x00000000d5580000)
  object space 137728K, 99% used [0x0000000080000000,0x000000008865df20,0x0000000088680000)
 Metaspace       used 111408K, capacity 117220K, committed 117504K, reserved 1150976K
  class space    used 14629K, capacity 15779K, committed 15872K, reserved 1048576K
Event: 1993.286 GC heap after
Heap after GC invocations=30 (full 6):
 PSYoungGen      total 342016K, used 0K [0x00000000d5580000, 0x00000000f1280000, 0x0000000100000000)
  eden space 311296K, 0% used [0x00000000d5580000,0x00000000d5580000,0x00000000e8580000)
  from space 30720K, 0% used [0x00000000ebc00000,0x00000000ebc00000,0x00000000eda00000)
  to   space 55808K, 0% used [0x00000000e8580000,0x00000000e8580000,0x00000000ebc00000)
 ParOldGen       total 197120K, used 89695K [0x0000000080000000, 0x000000008c080000, 0x00000000d5580000)
  object space 197120K, 45% used [0x0000000080000000,0x0000000085797f10,0x000000008c080000)
 Metaspace       used 111209K, capacity 116746K, committed 117504K, reserved 1150976K
  class space    used 14563K, capacity 15665K, committed 15872K, reserved 1048576K
}

